<?xml version="1.0" encoding="UTF-8"?>
<!-- Generated by org.testng.reporters.JUnitReportReporter -->
<testsuite hostname="DESKTOP-Q73L441" failures="0" tests="1" name="driverFactory.DriverScript" time="38.355" errors="0" timestamp="2024-09-10T19:41:25 IST" skipped="0">
  <testcase classname="driverFactory.DriverScript" name="startTest" time="38.355"/>
  <system-out>
    <![CDATA[No of rows are::7
Login success::dashboard        http://webapp.qedgetech.com/dashboard.php
Incorrect user ID or password     dashboard        http://webapp.qedgetech.com/login.php
Login success::dashboard        http://webapp.qedgetech.com/dashboard.php
Incorrect user ID or password     dashboard        http://webapp.qedgetech.com/login.php
Login success::dashboard        http://webapp.qedgetech.com/dashboard.php
Login success::dashboard        http://webapp.qedgetech.com/dashboard.php
Incorrect user ID or password     dashboard        http://webapp.qedgetech.com/login.php]]>
  </system-out>
</testsuite> <!-- driverFactory.DriverScript -->
